c:\users\danila\documents\github\mkframework\mkgraphics\x64\debug\vc143.pdb
c:\users\danila\documents\github\mkframework\mkgraphics\x64\debug\vc143.idb
c:\users\danila\documents\github\mkframework\mkgraphics\x64\debug\gl.obj
c:\users\danila\documents\github\mkframework\mkgraphics\x64\debug\vbo.obj
c:\users\danila\documents\github\mkframework\mkgraphics\x64\debug\mesh.obj
c:\users\danila\documents\github\mkframework\mkgraphics\x64\debug\graphicsutils.obj
c:\users\danila\documents\github\mkframework\mkgraphics\x64\debug\ebo.obj
c:\users\danila\documents\github\mkframework\mkgraphics\x64\debug\camera.obj
c:\users\danila\documents\github\mkframework\mkgraphics\x64\debug\vao.obj
c:\users\danila\documents\github\mkframework\mkgraphics\x64\debug\texture.obj
c:\users\danila\documents\github\mkframework\mkgraphics\x64\debug\shader.obj
c:\users\danila\documents\github\mkframework\mkgraphics\x64\debug\model.obj
c:\users\danila\documents\github\mkframework\mkgraphics\x64\debug\mkgraphics.obj
c:\users\danila\documents\github\mkframework\mkgraphics\x64\debug\mkgraphics.ilk
c:\users\danila\documents\github\mkframework\bin\x64\debug\mkgraphics.dll
c:\users\danila\documents\github\mkframework\bin\x64\debug\mkgraphics.pdb
c:\users\danila\documents\github\mkframework\bin\x64\debug\mkgraphics.lib
c:\users\danila\documents\github\mkframework\bin\x64\debug\mkgraphics.exp
c:\users\danila\documents\github\mkframework\mkgraphics\x64\debug\mkgraphics.tlog\cl.command.1.tlog
c:\users\danila\documents\github\mkframework\mkgraphics\x64\debug\mkgraphics.tlog\cl.read.1.tlog
c:\users\danila\documents\github\mkframework\mkgraphics\x64\debug\mkgraphics.tlog\cl.write.1.tlog
c:\users\danila\documents\github\mkframework\mkgraphics\x64\debug\mkgraphics.tlog\link.10016.delete.1.tlog
c:\users\danila\documents\github\mkframework\mkgraphics\x64\debug\mkgraphics.tlog\link.command.1.tlog
c:\users\danila\documents\github\mkframework\mkgraphics\x64\debug\mkgraphics.tlog\link.delete.1.tlog
c:\users\danila\documents\github\mkframework\mkgraphics\x64\debug\mkgraphics.tlog\link.read.1.tlog
c:\users\danila\documents\github\mkframework\mkgraphics\x64\debug\mkgraphics.tlog\link.write.1.tlog
c:\users\danila\documents\github\mkframework\mkgraphics\x64\debug\mkgraphics.tlog\mkgraphics.write.1u.tlog
