  MKCore.cpp
C:\Users\MInk\source\repos\MKFramework\MKCore\src\windowing\window.h(42,49): warning C4251: MKEngine::window::updateCallback_: class "std::function<void (MKEngine::window *,float)>" должен иметь dll-интерфейс для использования клиентами class "MKEngine::window"
C:\Users\MInk\source\repos\MKFramework\MKCore\src\windowing\window.h(28): message : см. объявление "std::function<void (MKEngine::window *,float)>"
C:\Users\MInk\source\repos\MKFramework\MKCore\src\windowing\window.h(43,52): warning C4251: MKEngine::window::sdlEventCallback_: class "std::function<void (MKEngine::window *,SDL_Event)>" должен иметь dll-интерфейс для использования клиентами class "MKEngine::window"
C:\Users\MInk\source\repos\MKFramework\MKCore\src\windowing\window.h(30): message : см. объявление "std::function<void (MKEngine::window *,SDL_Event)>"
C:\Users\MInk\source\repos\MKFramework\MKCore\src\windowing\window.h(44,32): warning C4251: MKEngine::window::destroyCallback_: class "std::function<void (MKEngine::window *)>" должен иметь dll-интерфейс для использования клиентами class "MKEngine::window"
C:\Users\MInk\source\repos\MKFramework\MKCore\src\windowing\window.h(31): message : см. объявление "std::function<void (MKEngine::window *)>"
C:\Users\MInk\source\repos\MKFramework\MKCore\src\windowing\window.h(45,49): warning C4251: MKEngine::window::renderCallback_: class "std::function<void (MKEngine::window *,float)>" должен иметь dll-интерфейс для использования клиентами class "MKEngine::window"
C:\Users\MInk\source\repos\MKFramework\MKCore\src\windowing\window.h(28): message : см. объявление "std::function<void (MKEngine::window *,float)>"
C:\Users\MInk\source\repos\MKFramework\MKCore\src\scene\transform.h(11,13): warning C4251: MKEngine::transform::pos: struct "glm::vec<3,float,glm::packed_highp>" должен иметь dll-интерфейс для использования клиентами class "MKEngine::transform"
C:\Users\MInk\source\repos\MKFramework\third_party\include\glm\fwd.hpp(420): message : см. объявление "glm::vec<3,float,glm::packed_highp>"
C:\Users\MInk\source\repos\MKFramework\MKCore\src\scene\transform.h(12,13): warning C4251: MKEngine::transform::eulerRot: struct "glm::vec<3,float,glm::packed_highp>" должен иметь dll-интерфейс для использования клиентами class "MKEngine::transform"
C:\Users\MInk\source\repos\MKFramework\third_party\include\glm\fwd.hpp(420): message : см. объявление "glm::vec<3,float,glm::packed_highp>"
C:\Users\MInk\source\repos\MKFramework\MKCore\src\scene\transform.h(13,13): warning C4251: MKEngine::transform::scale: struct "glm::vec<3,float,glm::packed_highp>" должен иметь dll-интерфейс для использования клиентами class "MKEngine::transform"
C:\Users\MInk\source\repos\MKFramework\third_party\include\glm\fwd.hpp(420): message : см. объявление "glm::vec<3,float,glm::packed_highp>"
C:\Users\MInk\source\repos\MKFramework\MKCore\src\scene\transform.h(15,13): warning C4251: MKEngine::transform::modelMatrix: struct "glm::mat<4,4,glm::f32,glm::packed_highp>" должен иметь dll-интерфейс для использования клиентами class "MKEngine::transform"
C:\Users\MInk\source\repos\MKFramework\third_party\include\glm\fwd.hpp(520): message : см. объявление "glm::mat<4,4,glm::f32,glm::packed_highp>"
C:\Users\MInk\source\repos\MKFramework\MKCore\src\scene\transform.h(18,37): warning C4251: MKEngine::transform::children: class "std::vector<MKEngine::transform *,std::allocator<MKEngine::transform *>>" должен иметь dll-интерфейс для использования клиентами class "MKEngine::transform"
C:\Users\MInk\source\repos\MKFramework\MKCore\src\scene\transform.h(18): message : см. объявление "std::vector<MKEngine::transform *,std::allocator<MKEngine::transform *>>"
C:\Users\MInk\source\repos\MKFramework\MKCore\src\scene\entity.h(16,15): warning C4251: MKEngine::entity::name: class "std::basic_string<char,std::char_traits<char>,std::allocator<char>>" должен иметь dll-интерфейс для использования клиентами class "MKEngine::entity"
C:\Program Files\Microsoft Visual Studio\2022\Community\VC\Tools\MSVC\14.30.30705\include\xstring(4920): message : см. объявление "std::basic_string<char,std::char_traits<char>,std::allocator<char>>"
C:\Users\MInk\source\repos\MKFramework\MKCore\src\scene\entity.h(20,37): warning C4251: MKEngine::entity::components: class "std::vector<MKEngine::component *,std::allocator<MKEngine::component *>>" должен иметь dll-интерфейс для использования клиентами class "MKEngine::entity"
C:\Users\MInk\source\repos\MKFramework\MKCore\src\scene\entity.h(20): message : см. объявление "std::vector<MKEngine::component *,std::allocator<MKEngine::component *>>"
C:\Users\MInk\source\repos\MKFramework\MKGraphics\src\camera.h(14,12): warning C4251: camera::Position: struct "glm::vec<3,float,glm::packed_highp>" должен иметь dll-интерфейс для использования клиентами class "camera"
C:\Users\MInk\source\repos\MKFramework\third_party\include\glm\fwd.hpp(420): message : см. объявление "glm::vec<3,float,glm::packed_highp>"
C:\Users\MInk\source\repos\MKFramework\MKGraphics\src\camera.h(15,12): warning C4251: camera::Orientation: struct "glm::vec<3,float,glm::packed_highp>" должен иметь dll-интерфейс для использования клиентами class "camera"
C:\Users\MInk\source\repos\MKFramework\third_party\include\glm\fwd.hpp(420): message : см. объявление "glm::vec<3,float,glm::packed_highp>"
C:\Users\MInk\source\repos\MKFramework\MKGraphics\src\camera.h(16,12): warning C4251: camera::Up: struct "glm::vec<3,float,glm::packed_highp>" должен иметь dll-интерфейс для использования клиентами class "camera"
C:\Users\MInk\source\repos\MKFramework\third_party\include\glm\fwd.hpp(420): message : см. объявление "glm::vec<3,float,glm::packed_highp>"
C:\Users\MInk\source\repos\MKFramework\MKGraphics\src\camera.h(17,12): warning C4251: camera::Matrix: struct "glm::mat<4,4,glm::f32,glm::packed_highp>" должен иметь dll-интерфейс для использования клиентами class "camera"
C:\Users\MInk\source\repos\MKFramework\third_party\include\glm\fwd.hpp(520): message : см. объявление "glm::mat<4,4,glm::f32,glm::packed_highp>"
C:\Users\MInk\source\repos\MKFramework\MKGraphics\src\camera.h(35,12): warning C4251: camera::view: struct "glm::mat<4,4,glm::f32,glm::packed_highp>" должен иметь dll-интерфейс для использования клиентами class "camera"
C:\Users\MInk\source\repos\MKFramework\third_party\include\glm\fwd.hpp(520): message : см. объявление "glm::mat<4,4,glm::f32,glm::packed_highp>"
C:\Users\MInk\source\repos\MKFramework\MKGraphics\src\camera.h(36,12): warning C4251: camera::projection: struct "glm::mat<4,4,glm::f32,glm::packed_highp>" должен иметь dll-интерфейс для использования клиентами class "camera"
C:\Users\MInk\source\repos\MKFramework\third_party\include\glm\fwd.hpp(520): message : см. объявление "glm::mat<4,4,glm::f32,glm::packed_highp>"
C:\Users\MInk\source\repos\MKFramework\MKCore\src\scene\scene.h(18,34): warning C4251: MKEngine::scene::entities: class "std::vector<MKEngine::entity *,std::allocator<MKEngine::entity *>>" должен иметь dll-интерфейс для использования клиентами class "MKEngine::scene"
C:\Users\MInk\source\repos\MKFramework\MKCore\src\scene\scene.h(18): message : см. объявление "std::vector<MKEngine::entity *,std::allocator<MKEngine::entity *>>"
C:\Users\MInk\source\repos\MKFramework\MKGraphics\src\mesh.h(12,24): warning C4251: MKEngine::mesh::vertices: class "std::vector<vertex,std::allocator<vertex>>" должен иметь dll-интерфейс для использования клиентами class "MKEngine::mesh"
C:\Users\MInk\source\repos\MKFramework\MKGraphics\src\VBO.h(12): message : см. объявление "std::vector<vertex,std::allocator<vertex>>"
C:\Users\MInk\source\repos\MKFramework\MKGraphics\src\mesh.h(13,24): warning C4251: MKEngine::mesh::indices: class "std::vector<GLuint,std::allocator<GLuint>>" должен иметь dll-интерфейс для использования клиентами class "MKEngine::mesh"
C:\Users\MInk\source\repos\MKFramework\MKGraphics\src\EBO.h(11): message : см. объявление "std::vector<GLuint,std::allocator<GLuint>>"
C:\Users\MInk\source\repos\MKFramework\MKGraphics\src\mesh.h(15,19): warning C4251: MKEngine::mesh::VAO: class "MKGraphics::VAO" должен иметь dll-интерфейс для использования клиентами class "MKEngine::mesh"
C:\Users\MInk\source\repos\MKFramework\MKGraphics\src\VAO.h(7): message : см. объявление "MKGraphics::VAO"
  scene.cpp
C:\Users\MInk\source\repos\MKFramework\MKCore\src\scene\transform.h(11,13): warning C4251: MKEngine::transform::pos: struct "glm::vec<3,float,glm::packed_highp>" должен иметь dll-интерфейс для использования клиентами class "MKEngine::transform"
C:\Users\MInk\source\repos\MKFramework\third_party\include\glm\fwd.hpp(420): message : см. объявление "glm::vec<3,float,glm::packed_highp>"
C:\Users\MInk\source\repos\MKFramework\MKCore\src\scene\transform.h(12,13): warning C4251: MKEngine::transform::eulerRot: struct "glm::vec<3,float,glm::packed_highp>" должен иметь dll-интерфейс для использования клиентами class "MKEngine::transform"
C:\Users\MInk\source\repos\MKFramework\third_party\include\glm\fwd.hpp(420): message : см. объявление "glm::vec<3,float,glm::packed_highp>"
C:\Users\MInk\source\repos\MKFramework\MKCore\src\scene\transform.h(13,13): warning C4251: MKEngine::transform::scale: struct "glm::vec<3,float,glm::packed_highp>" должен иметь dll-интерфейс для использования клиентами class "MKEngine::transform"
C:\Users\MInk\source\repos\MKFramework\third_party\include\glm\fwd.hpp(420): message : см. объявление "glm::vec<3,float,glm::packed_highp>"
C:\Users\MInk\source\repos\MKFramework\MKCore\src\scene\transform.h(15,13): warning C4251: MKEngine::transform::modelMatrix: struct "glm::mat<4,4,glm::f32,glm::packed_highp>" должен иметь dll-интерфейс для использования клиентами class "MKEngine::transform"
C:\Users\MInk\source\repos\MKFramework\third_party\include\glm\fwd.hpp(520): message : см. объявление "glm::mat<4,4,glm::f32,glm::packed_highp>"
C:\Users\MInk\source\repos\MKFramework\MKCore\src\scene\transform.h(18,37): warning C4251: MKEngine::transform::children: class "std::vector<MKEngine::transform *,std::allocator<MKEngine::transform *>>" должен иметь dll-интерфейс для использования клиентами class "MKEngine::transform"
C:\Users\MInk\source\repos\MKFramework\MKCore\src\scene\transform.h(18): message : см. объявление "std::vector<MKEngine::transform *,std::allocator<MKEngine::transform *>>"
C:\Users\MInk\source\repos\MKFramework\MKCore\src\scene\entity.h(16,15): warning C4251: MKEngine::entity::name: class "std::basic_string<char,std::char_traits<char>,std::allocator<char>>" должен иметь dll-интерфейс для использования клиентами class "MKEngine::entity"
C:\Program Files\Microsoft Visual Studio\2022\Community\VC\Tools\MSVC\14.30.30705\include\xstring(4920): message : см. объявление "std::basic_string<char,std::char_traits<char>,std::allocator<char>>"
C:\Users\MInk\source\repos\MKFramework\MKCore\src\scene\entity.h(20,37): warning C4251: MKEngine::entity::components: class "std::vector<MKEngine::component *,std::allocator<MKEngine::component *>>" должен иметь dll-интерфейс для использования клиентами class "MKEngine::entity"
C:\Users\MInk\source\repos\MKFramework\MKCore\src\scene\entity.h(20): message : см. объявление "std::vector<MKEngine::component *,std::allocator<MKEngine::component *>>"
C:\Users\MInk\source\repos\MKFramework\MKGraphics\src\camera.h(14,12): warning C4251: camera::Position: struct "glm::vec<3,float,glm::packed_highp>" должен иметь dll-интерфейс для использования клиентами class "camera"
C:\Users\MInk\source\repos\MKFramework\third_party\include\glm\fwd.hpp(420): message : см. объявление "glm::vec<3,float,glm::packed_highp>"
C:\Users\MInk\source\repos\MKFramework\MKGraphics\src\camera.h(15,12): warning C4251: camera::Orientation: struct "glm::vec<3,float,glm::packed_highp>" должен иметь dll-интерфейс для использования клиентами class "camera"
C:\Users\MInk\source\repos\MKFramework\third_party\include\glm\fwd.hpp(420): message : см. объявление "glm::vec<3,float,glm::packed_highp>"
C:\Users\MInk\source\repos\MKFramework\MKGraphics\src\camera.h(16,12): warning C4251: camera::Up: struct "glm::vec<3,float,glm::packed_highp>" должен иметь dll-интерфейс для использования клиентами class "camera"
C:\Users\MInk\source\repos\MKFramework\third_party\include\glm\fwd.hpp(420): message : см. объявление "glm::vec<3,float,glm::packed_highp>"
C:\Users\MInk\source\repos\MKFramework\MKGraphics\src\camera.h(17,12): warning C4251: camera::Matrix: struct "glm::mat<4,4,glm::f32,glm::packed_highp>" должен иметь dll-интерфейс для использования клиентами class "camera"
C:\Users\MInk\source\repos\MKFramework\third_party\include\glm\fwd.hpp(520): message : см. объявление "glm::mat<4,4,glm::f32,glm::packed_highp>"
C:\Users\MInk\source\repos\MKFramework\MKGraphics\src\camera.h(35,12): warning C4251: camera::view: struct "glm::mat<4,4,glm::f32,glm::packed_highp>" должен иметь dll-интерфейс для использования клиентами class "camera"
C:\Users\MInk\source\repos\MKFramework\third_party\include\glm\fwd.hpp(520): message : см. объявление "glm::mat<4,4,glm::f32,glm::packed_highp>"
C:\Users\MInk\source\repos\MKFramework\MKGraphics\src\camera.h(36,12): warning C4251: camera::projection: struct "glm::mat<4,4,glm::f32,glm::packed_highp>" должен иметь dll-интерфейс для использования клиентами class "camera"
C:\Users\MInk\source\repos\MKFramework\third_party\include\glm\fwd.hpp(520): message : см. объявление "glm::mat<4,4,glm::f32,glm::packed_highp>"
C:\Users\MInk\source\repos\MKFramework\MKCore\src\scene\scene.h(18,34): warning C4251: MKEngine::scene::entities: class "std::vector<MKEngine::entity *,std::allocator<MKEngine::entity *>>" должен иметь dll-интерфейс для использования клиентами class "MKEngine::scene"
C:\Users\MInk\source\repos\MKFramework\MKCore\src\scene\scene.h(18): message : см. объявление "std::vector<MKEngine::entity *,std::allocator<MKEngine::entity *>>"
C:\Users\MInk\source\repos\MKFramework\MKCore\src\windowing\window.h(42,49): warning C4251: MKEngine::window::updateCallback_: class "std::function<void (MKEngine::window *,float)>" должен иметь dll-интерфейс для использования клиентами class "MKEngine::window"
C:\Users\MInk\source\repos\MKFramework\MKCore\src\windowing\window.h(28): message : см. объявление "std::function<void (MKEngine::window *,float)>"
C:\Users\MInk\source\repos\MKFramework\MKCore\src\windowing\window.h(43,52): warning C4251: MKEngine::window::sdlEventCallback_: class "std::function<void (MKEngine::window *,SDL_Event)>" должен иметь dll-интерфейс для использования клиентами class "MKEngine::window"
C:\Users\MInk\source\repos\MKFramework\MKCore\src\windowing\window.h(30): message : см. объявление "std::function<void (MKEngine::window *,SDL_Event)>"
C:\Users\MInk\source\repos\MKFramework\MKCore\src\windowing\window.h(44,32): warning C4251: MKEngine::window::destroyCallback_: class "std::function<void (MKEngine::window *)>" должен иметь dll-интерфейс для использования клиентами class "MKEngine::window"
C:\Users\MInk\source\repos\MKFramework\MKCore\src\windowing\window.h(31): message : см. объявление "std::function<void (MKEngine::window *)>"
C:\Users\MInk\source\repos\MKFramework\MKCore\src\windowing\window.h(45,49): warning C4251: MKEngine::window::renderCallback_: class "std::function<void (MKEngine::window *,float)>" должен иметь dll-интерфейс для использования клиентами class "MKEngine::window"
C:\Users\MInk\source\repos\MKFramework\MKCore\src\windowing\window.h(28): message : см. объявление "std::function<void (MKEngine::window *,float)>"
C:\Users\MInk\source\repos\MKFramework\MKGraphics\src\mesh.h(12,24): warning C4251: MKEngine::mesh::vertices: class "std::vector<vertex,std::allocator<vertex>>" должен иметь dll-интерфейс для использования клиентами class "MKEngine::mesh"
C:\Users\MInk\source\repos\MKFramework\MKGraphics\src\VBO.h(12): message : см. объявление "std::vector<vertex,std::allocator<vertex>>"
C:\Users\MInk\source\repos\MKFramework\MKGraphics\src\mesh.h(13,24): warning C4251: MKEngine::mesh::indices: class "std::vector<GLuint,std::allocator<GLuint>>" должен иметь dll-интерфейс для использования клиентами class "MKEngine::mesh"
C:\Users\MInk\source\repos\MKFramework\MKGraphics\src\EBO.h(11): message : см. объявление "std::vector<GLuint,std::allocator<GLuint>>"
C:\Users\MInk\source\repos\MKFramework\MKGraphics\src\mesh.h(15,19): warning C4251: MKEngine::mesh::VAO: class "MKGraphics::VAO" должен иметь dll-интерфейс для использования клиентами class "MKEngine::mesh"
C:\Users\MInk\source\repos\MKFramework\MKGraphics\src\VAO.h(7): message : см. объявление "MKGraphics::VAO"
  Создание кода...
  MKCore.vcxproj -> C:\Users\MInk\source\repos\MKFramework\bin\x64\Debug\MKCore.dll
