c:\users\danila\documents\github\mkframework\mkcore\x64\debug\vc143.pdb
c:\users\danila\documents\github\mkframework\mkcore\x64\debug\vc143.idb
c:\users\danila\documents\github\mkframework\mkcore\x64\debug\window.obj
c:\users\danila\documents\github\mkframework\mkcore\x64\debug\application.obj
c:\users\danila\documents\github\mkframework\mkcore\x64\debug\transform.obj
c:\users\danila\documents\github\mkframework\mkcore\x64\debug\entity.obj
c:\users\danila\documents\github\mkframework\mkcore\x64\debug\input.obj
c:\users\danila\documents\github\mkframework\mkcore\x64\debug\scene.obj
c:\users\danila\documents\github\mkframework\mkcore\x64\debug\mkcore.obj
c:\users\danila\documents\github\mkframework\mkcore\x64\debug\mkcore.ilk
c:\users\danila\documents\github\mkframework\bin\x64\debug\mkcore.dll
c:\users\danila\documents\github\mkframework\bin\x64\debug\mkcore.pdb
c:\users\danila\documents\github\mkframework\bin\x64\debug\mkcore.lib
c:\users\danila\documents\github\mkframework\bin\x64\debug\mkcore.exp
c:\users\danila\documents\github\mkframework\mkcore\x64\debug\mkcore.tlog\cl.command.1.tlog
c:\users\danila\documents\github\mkframework\mkcore\x64\debug\mkcore.tlog\cl.read.1.tlog
c:\users\danila\documents\github\mkframework\mkcore\x64\debug\mkcore.tlog\cl.write.1.tlog
c:\users\danila\documents\github\mkframework\mkcore\x64\debug\mkcore.tlog\link.6916.delete.1.tlog
c:\users\danila\documents\github\mkframework\mkcore\x64\debug\mkcore.tlog\link.command.1.tlog
c:\users\danila\documents\github\mkframework\mkcore\x64\debug\mkcore.tlog\link.delete.1.tlog
c:\users\danila\documents\github\mkframework\mkcore\x64\debug\mkcore.tlog\link.read.1.tlog
c:\users\danila\documents\github\mkframework\mkcore\x64\debug\mkcore.tlog\link.write.1.tlog
c:\users\danila\documents\github\mkframework\mkcore\x64\debug\mkcore.tlog\mkcore.write.1u.tlog
